<?xml version="1.0" encoding="UTF-8"?>
<!-- Generated by org.testng.reporters.JUnitReportReporter -->
<testsuite hostname="DESKTOP-NKLDMQ3" failures="0" tests="1" name="com.runner.Runner" time="78.613" errors="0" timestamp="2024-12-26T14:46:14 IST" skipped="0">
  <testcase classname="com.runner.Runner" name="runScenario" time="78.613"/>
  <system-out/>
</testsuite> <!-- com.runner.Runner -->
